# JRE version: OpenJDK Runtime Environment (7.0_65-b32) (build 1.7.0_65-b32)
# Java VM: OpenJDK 64-Bit Server VM (24.65-b04 mixed mode linux-amd64 compressed oops)
Heap
 PSYoungGen      total 45568K, used 6125K [0x00000000f2200000, 0x00000000f5600000, 0x0000000100000000)
  eden space 39424K, 0% used [0x00000000f2200000,0x00000000f2200000,0x00000000f4880000)
  from space 6144K, 99% used [0x00000000f4880000,0x00000000f4e7b648,0x00000000f4e80000)
  to   space 4608K, 0% used [0x00000000f4e80000,0x00000000f4e80000,0x00000000f5300000)
 ParOldGen       total 26112K, used 9671K [0x00000000d6600000, 0x00000000d7f80000, 0x00000000f2200000)
  object space 26112K, 37% used [0x00000000d6600000,0x00000000d6f71ee8,0x00000000d7f80000)
 PSPermGen       total 25088K, used 24859K [0x00000000cc000000, 0x00000000cd880000, 0x00000000d6600000)
  object space 25088K, 99% used [0x00000000cc000000,0x00000000cd846d80,0x00000000cd880000)
GC Heap History (10 events):
Event: 3,313 GC heap after
Heap after GC invocations=2 (full 0):
 PSYoungGen      total 11776K, used 1506K [0x00000000f2200000, 0x00000000f3900000, 0x0000000100000000)
  eden space 10240K, 0% used [0x00000000f2200000,0x00000000f2200000,0x00000000f2c00000)
  from space 1536K, 98% used [0x00000000f2d80000,0x00000000f2ef89c0,0x00000000f2f00000)
  to   space 1536K, 0% used [0x00000000f2c00000,0x00000000f2c00000,0x00000000f2d80000)
 ParOldGen       total 26112K, used 1514K [0x00000000d6600000, 0x00000000d7f80000, 0x00000000f2200000)
  object space 26112K, 5% used [0x00000000d6600000,0x00000000d677ab08,0x00000000d7f80000)
 PSPermGen       total 21504K, used 9166K [0x00000000cc000000, 0x00000000cd500000, 0x00000000d6600000)
  object space 21504K, 42% used [0x00000000cc000000,0x00000000cc8f3800,0x00000000cd500000)
}
Event: 4,091 GC heap before
{Heap before GC invocations=3 (full 0):
 PSYoungGen      total 11776K, used 11746K [0x00000000f2200000, 0x00000000f3900000, 0x0000000100000000)
  eden space 10240K, 100% used [0x00000000f2200000,0x00000000f2c00000,0x00000000f2c00000)
  from space 1536K, 98% used [0x00000000f2d80000,0x00000000f2ef89c0,0x00000000f2f00000)
  to   space 1536K, 0% used [0x00000000f2c00000,0x00000000f2c00000,0x00000000f2d80000)
 ParOldGen       total 26112K, used 1514K [0x00000000d6600000, 0x00000000d7f80000, 0x00000000f2200000)
  object space 26112K, 5% used [0x00000000d6600000,0x00000000d677ab08,0x00000000d7f80000)
 PSPermGen       total 21504K, used 12676K [0x00000000cc000000, 0x00000000cd500000, 0x00000000d6600000)
  object space 21504K, 58% used [0x00000000cc000000,0x00000000ccc611b0,0x00000000cd500000)
Event: 4,098 GC heap after
Heap after GC invocations=3 (full 0):
 PSYoungGen      total 11776K, used 1510K [0x00000000f2200000, 0x00000000f3900000, 0x0000000100000000)
  eden space 10240K, 0% used [0x00000000f2200000,0x00000000f2200000,0x00000000f2c00000)
  from space 1536K, 98% used [0x00000000f2c00000,0x00000000f2d79a38,0x00000000f2d80000)
  to   space 1536K, 0% used [0x00000000f3780000,0x00000000f3780000,0x00000000f3900000)
 ParOldGen       total 26112K, used 2438K [0x00000000d6600000, 0x00000000d7f80000, 0x00000000f2200000)
  object space 26112K, 9% used [0x00000000d6600000,0x00000000d6861a78,0x00000000d7f80000)
 PSPermGen       total 21504K, used 12676K [0x00000000cc000000, 0x00000000cd500000, 0x00000000d6600000)
  object space 21504K, 58% used [0x00000000cc000000,0x00000000ccc611b0,0x00000000cd500000)
}
Event: 5,146 GC heap before
{Heap before GC invocations=4 (full 0):
 PSYoungGen      total 11776K, used 11750K [0x00000000f2200000, 0x00000000f3900000, 0x0000000100000000)
  eden space 10240K, 100% used [0x00000000f2200000,0x00000000f2c00000,0x00000000f2c00000)
  from space 1536K, 98% used [0x00000000f2c00000,0x00000000f2d79a38,0x00000000f2d80000)
  to   space 1536K, 0% used [0x00000000f3780000,0x00000000f3780000,0x00000000f3900000)
 ParOldGen       total 26112K, used 2438K [0x00000000d6600000, 0x00000000d7f80000, 0x00000000f2200000)
  object space 26112K, 9% used [0x00000000d6600000,0x00000000d6861a78,0x00000000d7f80000)
 PSPermGen       total 21504K, used 14039K [0x00000000cc000000, 0x00000000cd500000, 0x00000000d6600000)
  object space 21504K, 65% used [0x00000000cc000000,0x00000000ccdb5e38,0x00000000cd500000)
Event: 5,158 GC heap after
Heap after GC invocations=4 (full 0):
 PSYoungGen      total 22016K, used 1510K [0x00000000f2200000, 0x00000000f3900000, 0x0000000100000000)
  eden space 20480K, 0% used [0x00000000f2200000,0x00000000f2200000,0x00000000f3600000)
  from space 1536K, 98% used [0x00000000f3780000,0x00000000f38f9a28,0x00000000f3900000)
  to   space 1536K, 0% used [0x00000000f3600000,0x00000000f3600000,0x00000000f3780000)
 ParOldGen       total 26112K, used 3477K [0x00000000d6600000, 0x00000000d7f80000, 0x00000000f2200000)
  object space 26112K, 13% used [0x00000000d6600000,0x00000000d6965558,0x00000000d7f80000)
 PSPermGen       total 21504K, used 14039K [0x00000000cc000000, 0x00000000cd500000, 0x00000000d6600000)
  object space 21504K, 65% used [0x00000000cc000000,0x00000000ccdb5e38,0x00000000cd500000)
}
Event: 6,948 GC heap before
{Heap before GC invocations=5 (full 0):
 PSYoungGen      total 22016K, used 21983K [0x00000000f2200000, 0x00000000f3900000, 0x0000000100000000)
  eden space 20480K, 99% used [0x00000000f2200000,0x00000000f35fe598,0x00000000f3600000)
  from space 1536K, 98% used [0x00000000f3780000,0x00000000f38f9a28,0x00000000f3900000)
  to   space 1536K, 0% used [0x00000000f3600000,0x00000000f3600000,0x00000000f3780000)
 ParOldGen       total 26112K, used 3477K [0x00000000d6600000, 0x00000000d7f80000, 0x00000000f2200000)
  object space 26112K, 13% used [0x00000000d6600000,0x00000000d6965558,0x00000000d7f80000)
 PSPermGen       total 21504K, used 16692K [0x00000000cc000000, 0x00000000cd500000, 0x00000000d6600000)
  object space 21504K, 77% used [0x00000000cc000000,0x00000000cd04d080,0x00000000cd500000)
Event: 6,973 GC heap after
Heap after GC invocations=5 (full 0):
 PSYoungGen      total 22016K, used 1526K [0x00000000f2200000, 0x00000000f5300000, 0x0000000100000000)
  eden space 20480K, 0% used [0x00000000f2200000,0x00000000f2200000,0x00000000f3600000)
  from space 1536K, 99% used [0x00000000f3600000,0x00000000f377da38,0x00000000f3780000)
  to   space 4608K, 0% used [0x00000000f4e80000,0x00000000f4e80000,0x00000000f5300000)
 ParOldGen       total 26112K, used 6115K [0x00000000d6600000, 0x00000000d7f80000, 0x00000000f2200000)
  object space 26112K, 23% used [0x00000000d6600000,0x00000000d6bf8ec0,0x00000000d7f80000)
 PSPermGen       total 21504K, used 16692K [0x00000000cc000000, 0x00000000cd500000, 0x00000000d6600000)
  object space 21504K, 77% used [0x00000000cc000000,0x00000000cd04d080,0x00000000cd500000)
}
Event: 11,376 GC heap before
{Heap before GC invocations=6 (full 0):
 PSYoungGen      total 22016K, used 22006K [0x00000000f2200000, 0x00000000f5300000, 0x0000000100000000)
  eden space 20480K, 100% used [0x00000000f2200000,0x00000000f3600000,0x00000000f3600000)
  from space 1536K, 99% used [0x00000000f3600000,0x00000000f377da38,0x00000000f3780000)
  to   space 4608K, 0% used [0x00000000f4e80000,0x00000000f4e80000,0x00000000f5300000)
 ParOldGen       total 26112K, used 6115K [0x00000000d6600000, 0x00000000d7f80000, 0x00000000f2200000)
  object space 26112K, 23% used [0x00000000d6600000,0x00000000d6bf8ec0,0x00000000d7f80000)
 PSPermGen       total 21504K, used 21111K [0x00000000cc000000, 0x00000000cd500000, 0x00000000d6600000)
  object space 21504K, 98% used [0x00000000cc000000,0x00000000cd49de08,0x00000000cd500000)
Event: 11,395 GC heap after
Heap after GC invocations=6 (full 0):
 PSYoungGen      total 44032K, used 4579K [0x00000000f2200000, 0x00000000f5600000, 0x0000000100000000)
  eden space 39424K, 0% used [0x00000000f2200000,0x00000000f2200000,0x00000000f4880000)
  from space 4608K, 99% used [0x00000000f4e80000,0x00000000f52f8f78,0x00000000f5300000)
  to   space 6144K, 0% used [0x00000000f4880000,0x00000000f4880000,0x00000000f4e80000)
 ParOldGen       total 26112K, used 7619K [0x00000000d6600000, 0x00000000d7f80000, 0x00000000f2200000)
  object space 26112K, 29% used [0x00000000d6600000,0x00000000d6d70e40,0x00000000d7f80000)
 PSPermGen       total 21504K, used 21111K [0x00000000cc000000, 0x00000000cd500000, 0x00000000d6600000)
  object space 21504K, 98% used [0x00000000cc000000,0x00000000cd49de08,0x00000000cd500000)
}
Event: 98,730 GC heap before
{Heap before GC invocations=7 (full 0):
 PSYoungGen      total 44032K, used 44003K [0x00000000f2200000, 0x00000000f5600000, 0x0000000100000000)
  eden space 39424K, 100% used [0x00000000f2200000,0x00000000f4880000,0x00000000f4880000)
  from space 4608K, 99% used [0x00000000f4e80000,0x00000000f52f8f78,0x00000000f5300000)
  to   space 6144K, 0% used [0x00000000f4880000,0x00000000f4880000,0x00000000f4e80000)
 ParOldGen       total 26112K, used 7619K [0x00000000d6600000, 0x00000000d7f80000, 0x00000000f2200000)
  object space 26112K, 29% used [0x00000000d6600000,0x00000000d6d70e40,0x00000000d7f80000)
 PSPermGen       total 25088K, used 24859K [0x00000000cc000000, 0x00000000cd880000, 0x00000000d6600000)
  object space 25088K, 99% used [0x00000000cc000000,0x00000000cd846d80,0x00000000cd880000)

