<?xml version="1.0" encoding="UTF-8"?>
<!-- Generated by org.testng.reporters.JUnitXMLReporter -->
<testsuite hostname="rivendell" name="Default test" tests="2" failures="0" timestamp="26 Nov 2014 12:23:38 GMT" time="11.084" errors="0">
  <testcase name="testControladorInformacoesReserva_Cancelar_ReservaNaoPodeSerCancelada_NaoDeveRemoverAReserva" time="7.58" classname="br.test.ControladorInformacoesReservaFunctionalTest"/>
  <testcase name="testControladorInformacoesReserva_Cancelar_ReservaPodeSerCancelada_DeveRemoverAReserva" time="3.476" classname="br.test.ControladorInformacoesReservaFunctionalTest"/>
</testsuite> <!-- Default test -->
