<?xml version="1.0" encoding="UTF-8"?>
<!-- Generated by org.testng.reporters.JUnitXMLReporter -->
<testsuite hostname="rivendell" name="Default test" tests="2" failures="0" timestamp="2 Oct 2014 01:05:45 GMT" time="5.018" errors="0">
  <testcase name="testValidadorDadosReservaVeiculo_ValidarMarcaEModelo_DadosCorretos_DeveRetornarTrue" time="4.136" classname="br.test.ValidadorDadosReservaVeiculoFunctionalTest"/>
  <testcase name="testValidadorDadosReservaVeiculo_ValidarMarcaEModelo_DadosIncorretos_DeveRetornarFalse" time="0.857" classname="br.test.ValidadorDadosReservaVeiculoFunctionalTest"/>
</testsuite> <!-- Default test -->
