<?xml version="1.0" encoding="UTF-8"?>
<testng-results skipped="0" failed="0" total="2" passed="2">
  <reporter-output>
  </reporter-output>
  <suite name="Default suite" duration-ms="14932" started-at="2014-11-26T13:12:47Z" finished-at="2014-11-26T13:13:02Z">
    <groups>
    </groups>
    <test name="Default test" duration-ms="14932" started-at="2014-11-26T13:12:47Z" finished-at="2014-11-26T13:13:02Z">
      <class name="br.test.ControladorInformacoesVeiculoFunctionalTest">
        <test-method status="PASS" signature="testControladorInformacoesVeiculo_EnviarManutencao_DeveEnviarOVeiculoParaManutencao()[pri:0, instance:br.test.ControladorInformacoesVeiculoFunctionalTest@36ee336f]" name="testControladorInformacoesVeiculo_EnviarManutencao_DeveEnviarOVeiculoParaManutencao" duration-ms="9869" started-at="2014-11-26T11:12:47Z" finished-at="2014-11-26T11:12:57Z">
          <reporter-output>
          </reporter-output>
        </test-method> <!-- testControladorInformacoesVeiculo_EnviarManutencao_DeveEnviarOVeiculoParaManutencao -->
        <test-method status="PASS" signature="testControladorInformacoesVeiculo_RemoverManutencao_DeveRemoverOVeiculoDaManutencao()[pri:0, instance:br.test.ControladorInformacoesVeiculoFunctionalTest@36ee336f]" name="testControladorInformacoesVeiculo_RemoverManutencao_DeveRemoverOVeiculoDaManutencao" duration-ms="5019" started-at="2014-11-26T11:12:57Z" finished-at="2014-11-26T11:13:02Z">
          <reporter-output>
          </reporter-output>
        </test-method> <!-- testControladorInformacoesVeiculo_RemoverManutencao_DeveRemoverOVeiculoDaManutencao -->
      </class> <!-- br.test.ControladorInformacoesVeiculoFunctionalTest -->
    </test> <!-- Default test -->
  </suite> <!-- Default suite -->
</testng-results>
